<?xml version="1.0" encoding="UTF-8"?>
<!-- Generated by org.testng.reporters.JUnitReportReporter -->
<testsuite hostname="Vivek" failures="0" tests="1" name="TestNG.dropdown" time="12.777" errors="0" timestamp="2023-09-22T19:27:58 IST" skipped="0">
  <testcase classname="TestNG.dropdown" name="scrolldown" time="12.777"/>
</testsuite> <!-- TestNG.dropdown -->
