<?xml version="1.0" encoding="UTF-8"?>
<!-- Generated by org.testng.reporters.JUnitReportReporter -->
<testsuite hostname="Vivek" failures="0" tests="1" name="TestNG.Afterbeforereload" time="21.514" errors="0" timestamp="2023-09-22T20:43:32 IST" skipped="0">
  <testcase classname="TestNG.Afterbeforereload" name="scrolldown" time="21.514"/>
</testsuite> <!-- TestNG.Afterbeforereload -->
